2023-02-06 12:19:26,450 INFO o.a.j.u.JMeterUtils: Setting Locale to en_EN
2023-02-06 12:19:26,461 INFO o.a.j.JMeter: Loading user properties from: C:\ProgramData\chocolatey\lib\jmeter\tools\apache-jmeter-5.5\bin\user.properties
2023-02-06 12:19:26,462 INFO o.a.j.JMeter: Loading system properties from: C:\ProgramData\chocolatey\lib\jmeter\tools\apache-jmeter-5.5\bin\system.properties
2023-02-06 12:19:26,470 INFO o.a.j.JMeter: Copyright (c) 1998-2022 The Apache Software Foundation
2023-02-06 12:19:26,470 INFO o.a.j.JMeter: Version 5.5
2023-02-06 12:19:26,470 INFO o.a.j.JMeter: java.version=1.8.0_351
2023-02-06 12:19:26,470 INFO o.a.j.JMeter: java.vm.name=Java HotSpot(TM) 64-Bit Server VM
2023-02-06 12:19:26,470 INFO o.a.j.JMeter: os.name=Windows 11
2023-02-06 12:19:26,470 INFO o.a.j.JMeter: os.arch=amd64
2023-02-06 12:19:26,470 INFO o.a.j.JMeter: os.version=10.0
2023-02-06 12:19:26,470 INFO o.a.j.JMeter: file.encoding=Cp1252
2023-02-06 12:19:26,470 INFO o.a.j.JMeter: java.awt.headless=null
2023-02-06 12:19:26,470 INFO o.a.j.JMeter: Max memory     =1073741824
2023-02-06 12:19:26,470 INFO o.a.j.JMeter: Available Processors =16
2023-02-06 12:19:26,476 INFO o.a.j.JMeter: Default Locale=English (EN)
2023-02-06 12:19:26,476 INFO o.a.j.JMeter: JMeter  Locale=English (EN)
2023-02-06 12:19:26,476 INFO o.a.j.JMeter: JMeterHome=C:\ProgramData\chocolatey\lib\jmeter\tools\apache-jmeter-5.5
2023-02-06 12:19:26,476 INFO o.a.j.JMeter: user.dir  =C:\PlayArea\my-app
2023-02-06 12:19:26,477 INFO o.a.j.JMeter: PWD       =C:\PlayArea\my-app
2023-02-06 12:19:26,477 INFO o.a.j.JMeter: IP: 10.17.36.29 Name: ahmedsp15 FullName: host.docker.internal
2023-02-06 12:19:26,498 INFO o.a.j.JMeter: Loaded icon properties from org/apache/jmeter/images/icon.properties
2023-02-06 12:19:26,710 INFO o.a.j.JMeterGuiLauncher: Setting LAF to: com.github.weisj.darklaf.DarkLaf:com.github.weisj.darklaf.theme.DarculaTheme
2023-02-06 12:22:52,414 INFO o.a.j.s.FileServer: Default base='C:\PlayArea\my-app'
2023-02-06 12:22:54,662 INFO o.a.j.g.a.t.TemplateManager: Reading templates from: C:\ProgramData\chocolatey\lib\jmeter\tools\apache-jmeter-5.5\bin\templates\templates.xml
2023-02-06 12:23:03,687 INFO o.a.j.g.a.Load: Loading file: C:\Users\AHMEDS~1.AFR\AppData\Local\Temp\Simple HTTP request7795580323746896049.output
2023-02-06 12:23:03,796 INFO o.a.j.s.SaveService: Testplan (JMX) version: 2.2. Testlog (JTL) version: 2.2
2023-02-06 12:23:03,802 INFO o.a.j.s.SaveService: Using SaveService properties file encoding UTF-8
2023-02-06 12:23:03,803 INFO o.a.j.s.SaveService: Using SaveService properties version 5.0
2023-02-06 12:23:03,805 INFO o.a.j.s.SaveService: Loading file: C:\Users\AHMEDS~1.AFR\AppData\Local\Temp\Simple HTTP request7795580323746896049.output
2023-02-06 12:23:03,836 INFO o.a.j.p.h.s.HTTPSamplerBase: Parser for text/html is org.apache.jmeter.protocol.http.parser.LagartoBasedHtmlParser
2023-02-06 12:23:03,837 INFO o.a.j.p.h.s.HTTPSamplerBase: Parser for application/xhtml+xml is org.apache.jmeter.protocol.http.parser.LagartoBasedHtmlParser
2023-02-06 12:23:03,837 INFO o.a.j.p.h.s.HTTPSamplerBase: Parser for application/xml is org.apache.jmeter.protocol.http.parser.LagartoBasedHtmlParser
2023-02-06 12:23:03,837 INFO o.a.j.p.h.s.HTTPSamplerBase: Parser for text/xml is org.apache.jmeter.protocol.http.parser.LagartoBasedHtmlParser
2023-02-06 12:23:03,837 INFO o.a.j.p.h.s.HTTPSamplerBase: Parser for text/vnd.wap.wml is org.apache.jmeter.protocol.http.parser.RegexpHTMLParser
2023-02-06 12:23:03,837 INFO o.a.j.p.h.s.HTTPSamplerBase: Parser for text/css is org.apache.jmeter.protocol.http.parser.CssParser
2023-02-06 12:23:04,049 INFO o.a.j.s.SampleResult: Note: Sample TimeStamps are START times
2023-02-06 12:23:04,049 INFO o.a.j.s.SampleResult: sampleresult.default.encoding is set to ISO-8859-1
2023-02-06 12:23:04,049 INFO o.a.j.s.SampleResult: sampleresult.useNanoTime=true
2023-02-06 12:23:04,049 INFO o.a.j.s.SampleResult: sampleresult.nanoThreadSleep=5000
2023-02-06 12:24:11,607 INFO o.a.j.s.FileServer: Set new base='C:\Users\ahmeds.AFRICA\OneDrive - Microsoft\Desktop'
2023-02-06 12:24:11,627 INFO o.a.j.e.StandardJMeterEngine: Running the test!
2023-02-06 12:24:11,627 INFO o.a.j.s.SampleEvent: List of sample_variables: []
2023-02-06 12:24:11,627 INFO o.a.j.s.SampleEvent: List of sample_variables: []
2023-02-06 12:24:11,628 INFO o.a.j.e.u.CompoundVariable: Note: Function class names must contain the string: '.functions.'
2023-02-06 12:24:11,628 INFO o.a.j.e.u.CompoundVariable: Note: Function class names must not contain the string: '.gui.'
2023-02-06 12:24:11,840 INFO o.a.j.g.u.JMeterMenuBar: setRunning(true, *local*)
2023-02-06 12:24:11,950 INFO o.a.j.e.StandardJMeterEngine: Starting ThreadGroup: 1 : Thread Group
2023-02-06 12:24:11,951 INFO o.a.j.e.StandardJMeterEngine: Starting 1 threads for group Thread Group.
2023-02-06 12:24:11,951 INFO o.a.j.e.StandardJMeterEngine: Thread will continue on error
2023-02-06 12:24:11,951 INFO o.a.j.t.ThreadGroup: Starting thread group... number=1 threads=1 ramp-up=1 delayedStart=false
2023-02-06 12:24:11,954 INFO o.a.j.t.ThreadGroup: Started thread group number 1
2023-02-06 12:24:11,954 INFO o.a.j.e.StandardJMeterEngine: All thread groups have been started
2023-02-06 12:24:11,955 INFO o.a.j.t.JMeterThread: Thread started: Thread Group 1-1
2023-02-06 12:24:11,972 INFO o.a.j.p.h.s.HTTPHCAbstractImpl: Local host = ahmedsp15
2023-02-06 12:24:11,978 INFO o.a.j.p.h.s.HTTPHC4Impl: HTTP request retry count = 0
2023-02-06 12:24:12,283 INFO o.a.j.p.h.s.h.LazyLayeredConnectionSocketFactory: Setting up HTTPS TrustAll Socket Factory
2023-02-06 12:24:12,287 INFO o.a.j.u.JsseSSLManager: Using default SSL protocol: TLS
2023-02-06 12:24:12,287 INFO o.a.j.u.JsseSSLManager: SSL session context: per-thread
2023-02-06 12:24:13,109 INFO o.a.j.u.SSLManager: JmeterKeyStore Location:  type JKS
2023-02-06 12:24:13,113 INFO o.a.j.u.SSLManager: KeyStore created OK
2023-02-06 12:24:13,113 WARN o.a.j.u.SSLManager: Keystore file not found, loading empty keystore
2023-02-06 12:24:14,054 INFO o.a.j.t.JMeterThread: Thread is done: Thread Group 1-1
2023-02-06 12:24:14,054 INFO o.a.j.t.JMeterThread: Thread finished: Thread Group 1-1
2023-02-06 12:24:14,060 INFO o.a.j.e.StandardJMeterEngine: Notifying test listeners of end of test
2023-02-06 12:24:14,060 INFO o.a.j.g.u.JMeterMenuBar: setRunning(false, *local*)
2023-02-06 12:24:22,745 INFO o.a.j.e.StandardJMeterEngine: Running the test!
2023-02-06 12:24:22,746 INFO o.a.j.s.SampleEvent: List of sample_variables: []
2023-02-06 12:24:22,748 INFO o.a.j.g.u.JMeterMenuBar: setRunning(true, *local*)
2023-02-06 12:24:22,754 INFO o.a.j.e.StandardJMeterEngine: Starting ThreadGroup: 1 : Thread Group
2023-02-06 12:24:22,754 INFO o.a.j.e.StandardJMeterEngine: Starting 1 threads for group Thread Group.
2023-02-06 12:24:22,754 INFO o.a.j.e.StandardJMeterEngine: Thread will continue on error
2023-02-06 12:24:22,754 INFO o.a.j.t.ThreadGroup: Starting thread group... number=1 threads=1 ramp-up=1 delayedStart=false
2023-02-06 12:24:22,755 INFO o.a.j.t.ThreadGroup: Started thread group number 1
2023-02-06 12:24:22,755 INFO o.a.j.e.StandardJMeterEngine: All thread groups have been started
2023-02-06 12:24:22,755 INFO o.a.j.t.JMeterThread: Thread started: Thread Group 1-1
2023-02-06 12:24:23,532 INFO o.a.j.t.JMeterThread: Thread is done: Thread Group 1-1
2023-02-06 12:24:23,533 INFO o.a.j.t.JMeterThread: Thread finished: Thread Group 1-1
2023-02-06 12:24:23,533 INFO o.a.j.e.StandardJMeterEngine: Notifying test listeners of end of test
2023-02-06 12:24:23,533 INFO o.a.j.g.u.JMeterMenuBar: setRunning(false, *local*)
2023-02-06 12:25:14,920 ERROR o.a.j.g.a.Save: Failed to backup file: C:\Users\ahmeds.AFRICA\OneDrive - Microsoft\Desktop\HTTP Header Manager.jmx
java.nio.file.AccessDeniedException: C:\Users\ahmeds.AFRICA\OneDrive - Microsoft\Desktop\HTTP Header Manager.jmx -> C:\ProgramData\chocolatey\lib\jmeter\tools\apache-jmeter-5.5\backups\HTTP Header Manager-000001.jmx
	at sun.nio.fs.WindowsException.translateToIOException(Unknown Source) ~[?:1.8.0_351]
	at sun.nio.fs.WindowsException.rethrowAsIOException(Unknown Source) ~[?:1.8.0_351]
	at sun.nio.fs.WindowsFileCopy.copy(Unknown Source) ~[?:1.8.0_351]
	at sun.nio.fs.WindowsFileSystemProvider.copy(Unknown Source) ~[?:1.8.0_351]
	at java.nio.file.Files.copy(Unknown Source) ~[?:1.8.0_351]
	at org.apache.commons.io.FileUtils.copyFile(FileUtils.java:850) ~[commons-io-2.11.0.jar:2.11.0]
	at org.apache.commons.io.FileUtils.copyFile(FileUtils.java:756) ~[commons-io-2.11.0.jar:2.11.0]
	at org.apache.jmeter.gui.action.Save.createBackupFile(Save.java:381) ~[ApacheJMeter_core.jar:5.5]
	at org.apache.jmeter.gui.action.Save.backupAndSave(Save.java:244) ~[ApacheJMeter_core.jar:5.5]
	at org.apache.jmeter.gui.action.Save.doAction(Save.java:173) ~[ApacheJMeter_core.jar:5.5]
	at org.apache.jmeter.gui.action.ActionRouter.performAction(ActionRouter.java:87) ~[ApacheJMeter_core.jar:5.5]
	at org.apache.jmeter.gui.action.ActionRouter.doActionNow(ActionRouter.java:124) ~[ApacheJMeter_core.jar:5.5]
	at org.apache.jmeter.gui.action.AbstractAction.popupShouldSave(AbstractAction.java:79) ~[ApacheJMeter_core.jar:5.5]
	at org.apache.jmeter.gui.action.Start.doAction(Start.java:111) ~[ApacheJMeter_core.jar:5.5]
	at org.apache.jmeter.gui.action.ActionRouter.performAction(ActionRouter.java:87) ~[ApacheJMeter_core.jar:5.5]
	at org.apache.jmeter.gui.action.ActionRouter.lambda$actionPerformed$0(ActionRouter.java:69) ~[ApacheJMeter_core.jar:5.5]
	at java.awt.event.InvocationEvent.dispatch(Unknown Source) ~[?:1.8.0_351]
	at java.awt.EventQueue.dispatchEventImpl(Unknown Source) ~[?:1.8.0_351]
	at java.awt.EventQueue.access$500(Unknown Source) ~[?:1.8.0_351]
	at java.awt.EventQueue$3.run(Unknown Source) ~[?:1.8.0_351]
	at java.awt.EventQueue$3.run(Unknown Source) ~[?:1.8.0_351]
	at java.security.AccessController.doPrivileged(Native Method) ~[?:1.8.0_351]
	at java.security.ProtectionDomain$JavaSecurityAccessImpl.doIntersectionPrivilege(Unknown Source) ~[?:1.8.0_351]
	at java.awt.EventQueue.dispatchEvent(Unknown Source) ~[?:1.8.0_351]
	at java.awt.EventDispatchThread.pumpOneEventForFilters(Unknown Source) ~[?:1.8.0_351]
	at java.awt.EventDispatchThread.pumpEventsForFilter(Unknown Source) ~[?:1.8.0_351]
	at java.awt.EventDispatchThread.pumpEventsForHierarchy(Unknown Source) ~[?:1.8.0_351]
	at java.awt.EventDispatchThread.pumpEvents(Unknown Source) ~[?:1.8.0_351]
	at java.awt.EventDispatchThread.pumpEvents(Unknown Source) ~[?:1.8.0_351]
	at java.awt.EventDispatchThread.run(Unknown Source) ~[?:1.8.0_351]
2023-02-06 12:25:14,929 INFO o.a.j.e.StandardJMeterEngine: Running the test!
2023-02-06 12:25:14,930 INFO o.a.j.s.SampleEvent: List of sample_variables: []
2023-02-06 12:25:14,930 INFO o.a.j.g.u.JMeterMenuBar: setRunning(true, *local*)
2023-02-06 12:25:14,996 INFO o.a.j.e.StandardJMeterEngine: Starting ThreadGroup: 1 : Thread Group
2023-02-06 12:25:14,996 INFO o.a.j.e.StandardJMeterEngine: Starting 1 threads for group Thread Group.
2023-02-06 12:25:14,996 INFO o.a.j.e.StandardJMeterEngine: Thread will continue on error
2023-02-06 12:25:14,996 INFO o.a.j.t.ThreadGroup: Starting thread group... number=1 threads=1 ramp-up=1 delayedStart=false
2023-02-06 12:25:14,997 INFO o.a.j.t.ThreadGroup: Started thread group number 1
2023-02-06 12:25:14,997 INFO o.a.j.e.StandardJMeterEngine: All thread groups have been started
2023-02-06 12:25:14,997 INFO o.a.j.t.JMeterThread: Thread started: Thread Group 1-1
2023-02-06 12:25:15,940 INFO o.a.j.t.JMeterThread: Thread is done: Thread Group 1-1
2023-02-06 12:25:15,940 INFO o.a.j.t.JMeterThread: Thread finished: Thread Group 1-1
2023-02-06 12:25:15,940 INFO o.a.j.e.StandardJMeterEngine: Notifying test listeners of end of test
2023-02-06 12:25:15,941 INFO o.a.j.g.u.JMeterMenuBar: setRunning(false, *local*)
2023-02-06 12:25:54,170 ERROR o.a.j.g.a.Save: Failed to backup file: C:\Users\ahmeds.AFRICA\OneDrive - Microsoft\Desktop\HTTP Header Manager.jmx
java.nio.file.AccessDeniedException: C:\Users\ahmeds.AFRICA\OneDrive - Microsoft\Desktop\HTTP Header Manager.jmx -> C:\ProgramData\chocolatey\lib\jmeter\tools\apache-jmeter-5.5\backups\HTTP Header Manager-000001.jmx
	at sun.nio.fs.WindowsException.translateToIOException(Unknown Source) ~[?:1.8.0_351]
	at sun.nio.fs.WindowsException.rethrowAsIOException(Unknown Source) ~[?:1.8.0_351]
	at sun.nio.fs.WindowsFileCopy.copy(Unknown Source) ~[?:1.8.0_351]
	at sun.nio.fs.WindowsFileSystemProvider.copy(Unknown Source) ~[?:1.8.0_351]
	at java.nio.file.Files.copy(Unknown Source) ~[?:1.8.0_351]
	at org.apache.commons.io.FileUtils.copyFile(FileUtils.java:850) ~[commons-io-2.11.0.jar:2.11.0]
	at org.apache.commons.io.FileUtils.copyFile(FileUtils.java:756) ~[commons-io-2.11.0.jar:2.11.0]
	at org.apache.jmeter.gui.action.Save.createBackupFile(Save.java:381) ~[ApacheJMeter_core.jar:5.5]
	at org.apache.jmeter.gui.action.Save.backupAndSave(Save.java:244) ~[ApacheJMeter_core.jar:5.5]
	at org.apache.jmeter.gui.action.Save.doAction(Save.java:173) ~[ApacheJMeter_core.jar:5.5]
	at org.apache.jmeter.gui.action.ActionRouter.performAction(ActionRouter.java:87) ~[ApacheJMeter_core.jar:5.5]
	at org.apache.jmeter.gui.action.ActionRouter.doActionNow(ActionRouter.java:124) ~[ApacheJMeter_core.jar:5.5]
	at org.apache.jmeter.gui.action.AbstractAction.popupShouldSave(AbstractAction.java:79) ~[ApacheJMeter_core.jar:5.5]
	at org.apache.jmeter.gui.action.Start.doAction(Start.java:111) ~[ApacheJMeter_core.jar:5.5]
	at org.apache.jmeter.gui.action.ActionRouter.performAction(ActionRouter.java:87) ~[ApacheJMeter_core.jar:5.5]
	at org.apache.jmeter.gui.action.ActionRouter.lambda$actionPerformed$0(ActionRouter.java:69) ~[ApacheJMeter_core.jar:5.5]
	at java.awt.event.InvocationEvent.dispatch(Unknown Source) ~[?:1.8.0_351]
	at java.awt.EventQueue.dispatchEventImpl(Unknown Source) ~[?:1.8.0_351]
	at java.awt.EventQueue.access$500(Unknown Source) ~[?:1.8.0_351]
	at java.awt.EventQueue$3.run(Unknown Source) ~[?:1.8.0_351]
	at java.awt.EventQueue$3.run(Unknown Source) ~[?:1.8.0_351]
	at java.security.AccessController.doPrivileged(Native Method) ~[?:1.8.0_351]
	at java.security.ProtectionDomain$JavaSecurityAccessImpl.doIntersectionPrivilege(Unknown Source) ~[?:1.8.0_351]
	at java.awt.EventQueue.dispatchEvent(Unknown Source) ~[?:1.8.0_351]
	at java.awt.EventDispatchThread.pumpOneEventForFilters(Unknown Source) ~[?:1.8.0_351]
	at java.awt.EventDispatchThread.pumpEventsForFilter(Unknown Source) ~[?:1.8.0_351]
	at java.awt.EventDispatchThread.pumpEventsForHierarchy(Unknown Source) ~[?:1.8.0_351]
	at java.awt.EventDispatchThread.pumpEvents(Unknown Source) ~[?:1.8.0_351]
	at java.awt.EventDispatchThread.pumpEvents(Unknown Source) ~[?:1.8.0_351]
	at java.awt.EventDispatchThread.run(Unknown Source) ~[?:1.8.0_351]
2023-02-06 12:25:54,174 INFO o.a.j.e.StandardJMeterEngine: Running the test!
2023-02-06 12:25:54,174 INFO o.a.j.s.SampleEvent: List of sample_variables: []
2023-02-06 12:25:54,175 INFO o.a.j.g.u.JMeterMenuBar: setRunning(true, *local*)
2023-02-06 12:25:54,179 INFO o.a.j.e.StandardJMeterEngine: Starting ThreadGroup: 1 : Thread Group
2023-02-06 12:25:54,179 INFO o.a.j.e.StandardJMeterEngine: Starting 1 threads for group Thread Group.
2023-02-06 12:25:54,179 INFO o.a.j.e.StandardJMeterEngine: Thread will continue on error
2023-02-06 12:25:54,179 INFO o.a.j.t.ThreadGroup: Starting thread group... number=1 threads=1 ramp-up=1 delayedStart=false
2023-02-06 12:25:54,179 INFO o.a.j.t.ThreadGroup: Started thread group number 1
2023-02-06 12:25:54,179 INFO o.a.j.e.StandardJMeterEngine: All thread groups have been started
2023-02-06 12:25:54,179 INFO o.a.j.t.JMeterThread: Thread started: Thread Group 1-1
2023-02-06 12:25:55,148 INFO o.a.j.t.JMeterThread: Thread is done: Thread Group 1-1
2023-02-06 12:25:55,148 INFO o.a.j.t.JMeterThread: Thread finished: Thread Group 1-1
2023-02-06 12:25:55,149 INFO o.a.j.e.StandardJMeterEngine: Notifying test listeners of end of test
2023-02-06 12:25:55,149 INFO o.a.j.g.u.JMeterMenuBar: setRunning(false, *local*)
2023-02-06 12:35:44,294 INFO o.a.j.e.StandardJMeterEngine: Running the test!
2023-02-06 12:35:44,295 INFO o.a.j.s.SampleEvent: List of sample_variables: []
2023-02-06 12:35:44,295 INFO o.a.j.g.u.JMeterMenuBar: setRunning(true, *local*)
2023-02-06 12:35:44,363 INFO o.a.j.e.StandardJMeterEngine: Starting ThreadGroup: 1 : Thread Group
2023-02-06 12:35:44,363 INFO o.a.j.e.StandardJMeterEngine: Starting 1 threads for group Thread Group.
2023-02-06 12:35:44,363 INFO o.a.j.e.StandardJMeterEngine: Thread will continue on error
2023-02-06 12:35:44,363 INFO o.a.j.t.ThreadGroup: Starting thread group... number=1 threads=1 ramp-up=1 delayedStart=false
2023-02-06 12:35:44,363 INFO o.a.j.t.ThreadGroup: Started thread group number 1
2023-02-06 12:35:44,363 INFO o.a.j.e.StandardJMeterEngine: All thread groups have been started
2023-02-06 12:35:44,364 INFO o.a.j.t.JMeterThread: Thread started: Thread Group 1-1
2023-02-06 12:35:45,401 INFO o.a.j.t.JMeterThread: Thread is done: Thread Group 1-1
2023-02-06 12:35:45,401 INFO o.a.j.t.JMeterThread: Thread finished: Thread Group 1-1
2023-02-06 12:35:45,402 INFO o.a.j.e.StandardJMeterEngine: Notifying test listeners of end of test
2023-02-06 12:35:45,402 INFO o.a.j.g.u.JMeterMenuBar: setRunning(false, *local*)
2023-02-06 12:35:51,289 INFO o.a.j.e.StandardJMeterEngine: Running the test!
2023-02-06 12:35:51,289 INFO o.a.j.s.SampleEvent: List of sample_variables: []
2023-02-06 12:35:51,290 INFO o.a.j.g.u.JMeterMenuBar: setRunning(true, *local*)
2023-02-06 12:35:51,353 INFO o.a.j.e.StandardJMeterEngine: Starting ThreadGroup: 1 : Thread Group
2023-02-06 12:35:51,354 INFO o.a.j.e.StandardJMeterEngine: Starting 1 threads for group Thread Group.
2023-02-06 12:35:51,354 INFO o.a.j.e.StandardJMeterEngine: Thread will continue on error
2023-02-06 12:35:51,354 INFO o.a.j.t.ThreadGroup: Starting thread group... number=1 threads=1 ramp-up=1 delayedStart=false
2023-02-06 12:35:51,354 INFO o.a.j.t.ThreadGroup: Started thread group number 1
2023-02-06 12:35:51,354 INFO o.a.j.e.StandardJMeterEngine: All thread groups have been started
2023-02-06 12:35:51,355 INFO o.a.j.t.JMeterThread: Thread started: Thread Group 1-1
2023-02-06 12:35:52,115 INFO o.a.j.t.JMeterThread: Thread is done: Thread Group 1-1
2023-02-06 12:35:52,115 INFO o.a.j.t.JMeterThread: Thread finished: Thread Group 1-1
2023-02-06 12:35:52,117 INFO o.a.j.e.StandardJMeterEngine: Notifying test listeners of end of test
2023-02-06 12:35:52,117 INFO o.a.j.g.u.JMeterMenuBar: setRunning(false, *local*)
2023-02-06 14:01:23,060 ERROR o.a.j.g.a.Save: Failed to backup file: C:\Users\ahmeds.AFRICA\OneDrive - Microsoft\Desktop\HTTP Header Manager.jmx
java.nio.file.AccessDeniedException: C:\Users\ahmeds.AFRICA\OneDrive - Microsoft\Desktop\HTTP Header Manager.jmx -> C:\ProgramData\chocolatey\lib\jmeter\tools\apache-jmeter-5.5\backups\HTTP Header Manager-000001.jmx
	at sun.nio.fs.WindowsException.translateToIOException(Unknown Source) ~[?:1.8.0_351]
	at sun.nio.fs.WindowsException.rethrowAsIOException(Unknown Source) ~[?:1.8.0_351]
	at sun.nio.fs.WindowsFileCopy.copy(Unknown Source) ~[?:1.8.0_351]
	at sun.nio.fs.WindowsFileSystemProvider.copy(Unknown Source) ~[?:1.8.0_351]
	at java.nio.file.Files.copy(Unknown Source) ~[?:1.8.0_351]
	at org.apache.commons.io.FileUtils.copyFile(FileUtils.java:850) ~[commons-io-2.11.0.jar:2.11.0]
	at org.apache.commons.io.FileUtils.copyFile(FileUtils.java:756) ~[commons-io-2.11.0.jar:2.11.0]
	at org.apache.jmeter.gui.action.Save.createBackupFile(Save.java:381) ~[ApacheJMeter_core.jar:5.5]
	at org.apache.jmeter.gui.action.Save.backupAndSave(Save.java:244) ~[ApacheJMeter_core.jar:5.5]
	at org.apache.jmeter.gui.action.Save.doAction(Save.java:173) ~[ApacheJMeter_core.jar:5.5]
	at org.apache.jmeter.gui.action.ActionRouter.performAction(ActionRouter.java:87) ~[ApacheJMeter_core.jar:5.5]
	at org.apache.jmeter.gui.action.ActionRouter.doActionNow(ActionRouter.java:124) ~[ApacheJMeter_core.jar:5.5]
	at org.apache.jmeter.gui.action.AbstractAction.popupShouldSave(AbstractAction.java:79) ~[ApacheJMeter_core.jar:5.5]
	at org.apache.jmeter.gui.action.Start.doAction(Start.java:111) ~[ApacheJMeter_core.jar:5.5]
	at org.apache.jmeter.gui.action.ActionRouter.performAction(ActionRouter.java:87) ~[ApacheJMeter_core.jar:5.5]
	at org.apache.jmeter.gui.action.ActionRouter.lambda$actionPerformed$0(ActionRouter.java:69) ~[ApacheJMeter_core.jar:5.5]
	at java.awt.event.InvocationEvent.dispatch(Unknown Source) ~[?:1.8.0_351]
	at java.awt.EventQueue.dispatchEventImpl(Unknown Source) ~[?:1.8.0_351]
	at java.awt.EventQueue.access$500(Unknown Source) ~[?:1.8.0_351]
	at java.awt.EventQueue$3.run(Unknown Source) ~[?:1.8.0_351]
	at java.awt.EventQueue$3.run(Unknown Source) ~[?:1.8.0_351]
	at java.security.AccessController.doPrivileged(Native Method) ~[?:1.8.0_351]
	at java.security.ProtectionDomain$JavaSecurityAccessImpl.doIntersectionPrivilege(Unknown Source) ~[?:1.8.0_351]
	at java.awt.EventQueue.dispatchEvent(Unknown Source) ~[?:1.8.0_351]
	at java.awt.EventDispatchThread.pumpOneEventForFilters(Unknown Source) ~[?:1.8.0_351]
	at java.awt.EventDispatchThread.pumpEventsForFilter(Unknown Source) ~[?:1.8.0_351]
	at java.awt.EventDispatchThread.pumpEventsForHierarchy(Unknown Source) ~[?:1.8.0_351]
	at java.awt.EventDispatchThread.pumpEvents(Unknown Source) ~[?:1.8.0_351]
	at java.awt.EventDispatchThread.pumpEvents(Unknown Source) ~[?:1.8.0_351]
	at java.awt.EventDispatchThread.run(Unknown Source) ~[?:1.8.0_351]
2023-02-06 14:01:23,064 INFO o.a.j.e.StandardJMeterEngine: Running the test!
2023-02-06 14:01:23,064 INFO o.a.j.s.SampleEvent: List of sample_variables: []
2023-02-06 14:01:23,065 INFO o.a.j.g.u.JMeterMenuBar: setRunning(true, *local*)
2023-02-06 14:01:23,134 INFO o.a.j.e.StandardJMeterEngine: Starting ThreadGroup: 1 : Thread Group
2023-02-06 14:01:23,134 INFO o.a.j.e.StandardJMeterEngine: Starting 1 threads for group Thread Group.
2023-02-06 14:01:23,134 INFO o.a.j.e.StandardJMeterEngine: Thread will continue on error
2023-02-06 14:01:23,134 INFO o.a.j.t.ThreadGroup: Starting thread group... number=1 threads=1 ramp-up=1 delayedStart=false
2023-02-06 14:01:23,135 INFO o.a.j.t.ThreadGroup: Started thread group number 1
2023-02-06 14:01:23,135 INFO o.a.j.e.StandardJMeterEngine: All thread groups have been started
2023-02-06 14:01:23,135 INFO o.a.j.t.JMeterThread: Thread started: Thread Group 1-1
2023-02-06 14:01:24,579 INFO o.a.j.t.JMeterThread: Thread is done: Thread Group 1-1
2023-02-06 14:01:24,579 INFO o.a.j.t.JMeterThread: Thread finished: Thread Group 1-1
2023-02-06 14:01:24,579 INFO o.a.j.e.StandardJMeterEngine: Notifying test listeners of end of test
2023-02-06 14:01:24,579 INFO o.a.j.g.u.JMeterMenuBar: setRunning(false, *local*)
2023-02-06 15:29:31,559 ERROR o.a.j.g.a.Save: Failed to backup file: C:\Users\ahmeds.AFRICA\OneDrive - Microsoft\Desktop\HTTP Header Manager.jmx
java.nio.file.AccessDeniedException: C:\Users\ahmeds.AFRICA\OneDrive - Microsoft\Desktop\HTTP Header Manager.jmx -> C:\ProgramData\chocolatey\lib\jmeter\tools\apache-jmeter-5.5\backups\HTTP Header Manager-000001.jmx
	at sun.nio.fs.WindowsException.translateToIOException(Unknown Source) ~[?:1.8.0_351]
	at sun.nio.fs.WindowsException.rethrowAsIOException(Unknown Source) ~[?:1.8.0_351]
	at sun.nio.fs.WindowsFileCopy.copy(Unknown Source) ~[?:1.8.0_351]
	at sun.nio.fs.WindowsFileSystemProvider.copy(Unknown Source) ~[?:1.8.0_351]
	at java.nio.file.Files.copy(Unknown Source) ~[?:1.8.0_351]
	at org.apache.commons.io.FileUtils.copyFile(FileUtils.java:850) ~[commons-io-2.11.0.jar:2.11.0]
	at org.apache.commons.io.FileUtils.copyFile(FileUtils.java:756) ~[commons-io-2.11.0.jar:2.11.0]
	at org.apache.jmeter.gui.action.Save.createBackupFile(Save.java:381) ~[ApacheJMeter_core.jar:5.5]
	at org.apache.jmeter.gui.action.Save.backupAndSave(Save.java:244) ~[ApacheJMeter_core.jar:5.5]
	at org.apache.jmeter.gui.action.Save.doAction(Save.java:173) ~[ApacheJMeter_core.jar:5.5]
	at org.apache.jmeter.gui.action.ActionRouter.performAction(ActionRouter.java:87) ~[ApacheJMeter_core.jar:5.5]
	at org.apache.jmeter.gui.action.ActionRouter.doActionNow(ActionRouter.java:124) ~[ApacheJMeter_core.jar:5.5]
	at org.apache.jmeter.gui.action.AbstractAction.popupShouldSave(AbstractAction.java:79) ~[ApacheJMeter_core.jar:5.5]
	at org.apache.jmeter.gui.action.Start.doAction(Start.java:111) ~[ApacheJMeter_core.jar:5.5]
	at org.apache.jmeter.gui.action.ActionRouter.performAction(ActionRouter.java:87) ~[ApacheJMeter_core.jar:5.5]
	at org.apache.jmeter.gui.action.ActionRouter.lambda$actionPerformed$0(ActionRouter.java:69) ~[ApacheJMeter_core.jar:5.5]
	at java.awt.event.InvocationEvent.dispatch(Unknown Source) ~[?:1.8.0_351]
	at java.awt.EventQueue.dispatchEventImpl(Unknown Source) ~[?:1.8.0_351]
	at java.awt.EventQueue.access$500(Unknown Source) ~[?:1.8.0_351]
	at java.awt.EventQueue$3.run(Unknown Source) ~[?:1.8.0_351]
	at java.awt.EventQueue$3.run(Unknown Source) ~[?:1.8.0_351]
	at java.security.AccessController.doPrivileged(Native Method) ~[?:1.8.0_351]
	at java.security.ProtectionDomain$JavaSecurityAccessImpl.doIntersectionPrivilege(Unknown Source) ~[?:1.8.0_351]
	at java.awt.EventQueue.dispatchEvent(Unknown Source) ~[?:1.8.0_351]
	at java.awt.EventDispatchThread.pumpOneEventForFilters(Unknown Source) ~[?:1.8.0_351]
	at java.awt.EventDispatchThread.pumpEventsForFilter(Unknown Source) ~[?:1.8.0_351]
	at java.awt.EventDispatchThread.pumpEventsForHierarchy(Unknown Source) ~[?:1.8.0_351]
	at java.awt.EventDispatchThread.pumpEvents(Unknown Source) ~[?:1.8.0_351]
	at java.awt.EventDispatchThread.pumpEvents(Unknown Source) ~[?:1.8.0_351]
	at java.awt.EventDispatchThread.run(Unknown Source) ~[?:1.8.0_351]
2023-02-06 15:29:31,564 INFO o.a.j.e.StandardJMeterEngine: Running the test!
2023-02-06 15:29:31,565 INFO o.a.j.s.SampleEvent: List of sample_variables: []
2023-02-06 15:29:31,565 INFO o.a.j.g.u.JMeterMenuBar: setRunning(true, *local*)
2023-02-06 15:29:31,574 INFO o.a.j.e.StandardJMeterEngine: Starting ThreadGroup: 1 : Thread Group
2023-02-06 15:29:31,574 INFO o.a.j.e.StandardJMeterEngine: Starting 1 threads for group Thread Group.
2023-02-06 15:29:31,574 INFO o.a.j.e.StandardJMeterEngine: Thread will continue on error
2023-02-06 15:29:31,574 INFO o.a.j.t.ThreadGroup: Starting thread group... number=1 threads=1 ramp-up=1 delayedStart=false
2023-02-06 15:29:31,574 INFO o.a.j.t.ThreadGroup: Started thread group number 1
2023-02-06 15:29:31,574 INFO o.a.j.e.StandardJMeterEngine: All thread groups have been started
2023-02-06 15:29:31,576 INFO o.a.j.t.JMeterThread: Thread started: Thread Group 1-1
2023-02-06 15:29:33,713 INFO o.a.j.t.JMeterThread: Thread is done: Thread Group 1-1
2023-02-06 15:29:33,713 INFO o.a.j.t.JMeterThread: Thread finished: Thread Group 1-1
2023-02-06 15:29:33,713 INFO o.a.j.e.StandardJMeterEngine: Notifying test listeners of end of test
2023-02-06 15:29:33,713 INFO o.a.j.g.u.JMeterMenuBar: setRunning(false, *local*)
2023-02-06 15:31:31,980 ERROR o.a.j.g.a.Save: Failed to backup file: C:\Users\ahmeds.AFRICA\OneDrive - Microsoft\Desktop\HTTP Header Manager.jmx
java.nio.file.AccessDeniedException: C:\Users\ahmeds.AFRICA\OneDrive - Microsoft\Desktop\HTTP Header Manager.jmx -> C:\ProgramData\chocolatey\lib\jmeter\tools\apache-jmeter-5.5\backups\HTTP Header Manager-000001.jmx
	at sun.nio.fs.WindowsException.translateToIOException(Unknown Source) ~[?:1.8.0_351]
	at sun.nio.fs.WindowsException.rethrowAsIOException(Unknown Source) ~[?:1.8.0_351]
	at sun.nio.fs.WindowsFileCopy.copy(Unknown Source) ~[?:1.8.0_351]
	at sun.nio.fs.WindowsFileSystemProvider.copy(Unknown Source) ~[?:1.8.0_351]
	at java.nio.file.Files.copy(Unknown Source) ~[?:1.8.0_351]
	at org.apache.commons.io.FileUtils.copyFile(FileUtils.java:850) ~[commons-io-2.11.0.jar:2.11.0]
	at org.apache.commons.io.FileUtils.copyFile(FileUtils.java:756) ~[commons-io-2.11.0.jar:2.11.0]
	at org.apache.jmeter.gui.action.Save.createBackupFile(Save.java:381) ~[ApacheJMeter_core.jar:5.5]
	at org.apache.jmeter.gui.action.Save.backupAndSave(Save.java:244) ~[ApacheJMeter_core.jar:5.5]
	at org.apache.jmeter.gui.action.Save.doAction(Save.java:173) ~[ApacheJMeter_core.jar:5.5]
	at org.apache.jmeter.gui.action.ActionRouter.performAction(ActionRouter.java:87) ~[ApacheJMeter_core.jar:5.5]
	at org.apache.jmeter.gui.action.ActionRouter.doActionNow(ActionRouter.java:124) ~[ApacheJMeter_core.jar:5.5]
	at org.apache.jmeter.gui.action.AbstractAction.popupShouldSave(AbstractAction.java:79) ~[ApacheJMeter_core.jar:5.5]
	at org.apache.jmeter.gui.action.Start.doAction(Start.java:111) ~[ApacheJMeter_core.jar:5.5]
	at org.apache.jmeter.gui.action.ActionRouter.performAction(ActionRouter.java:87) ~[ApacheJMeter_core.jar:5.5]
	at org.apache.jmeter.gui.action.ActionRouter.lambda$actionPerformed$0(ActionRouter.java:69) ~[ApacheJMeter_core.jar:5.5]
	at java.awt.event.InvocationEvent.dispatch(Unknown Source) ~[?:1.8.0_351]
	at java.awt.EventQueue.dispatchEventImpl(Unknown Source) ~[?:1.8.0_351]
	at java.awt.EventQueue.access$500(Unknown Source) ~[?:1.8.0_351]
	at java.awt.EventQueue$3.run(Unknown Source) ~[?:1.8.0_351]
	at java.awt.EventQueue$3.run(Unknown Source) ~[?:1.8.0_351]
	at java.security.AccessController.doPrivileged(Native Method) ~[?:1.8.0_351]
	at java.security.ProtectionDomain$JavaSecurityAccessImpl.doIntersectionPrivilege(Unknown Source) ~[?:1.8.0_351]
	at java.awt.EventQueue.dispatchEvent(Unknown Source) ~[?:1.8.0_351]
	at java.awt.EventDispatchThread.pumpOneEventForFilters(Unknown Source) ~[?:1.8.0_351]
	at java.awt.EventDispatchThread.pumpEventsForFilter(Unknown Source) ~[?:1.8.0_351]
	at java.awt.EventDispatchThread.pumpEventsForHierarchy(Unknown Source) ~[?:1.8.0_351]
	at java.awt.EventDispatchThread.pumpEvents(Unknown Source) ~[?:1.8.0_351]
	at java.awt.EventDispatchThread.pumpEvents(Unknown Source) ~[?:1.8.0_351]
	at java.awt.EventDispatchThread.run(Unknown Source) ~[?:1.8.0_351]
2023-02-06 15:31:31,984 INFO o.a.j.e.StandardJMeterEngine: Running the test!
2023-02-06 15:31:31,984 INFO o.a.j.s.SampleEvent: List of sample_variables: []
2023-02-06 15:31:31,984 INFO o.a.j.g.u.JMeterMenuBar: setRunning(true, *local*)
2023-02-06 15:31:31,989 INFO o.a.j.e.StandardJMeterEngine: Starting ThreadGroup: 1 : Thread Group
2023-02-06 15:31:31,990 INFO o.a.j.e.StandardJMeterEngine: Starting 1 threads for group Thread Group.
2023-02-06 15:31:31,990 INFO o.a.j.e.StandardJMeterEngine: Thread will continue on error
2023-02-06 15:31:31,990 INFO o.a.j.t.ThreadGroup: Starting thread group... number=1 threads=1 ramp-up=1 delayedStart=false
2023-02-06 15:31:31,990 INFO o.a.j.t.ThreadGroup: Started thread group number 1
2023-02-06 15:31:31,990 INFO o.a.j.e.StandardJMeterEngine: All thread groups have been started
2023-02-06 15:31:31,990 INFO o.a.j.t.JMeterThread: Thread started: Thread Group 1-1
2023-02-06 15:31:33,479 INFO o.a.j.t.JMeterThread: Thread is done: Thread Group 1-1
2023-02-06 15:31:33,479 INFO o.a.j.t.JMeterThread: Thread finished: Thread Group 1-1
2023-02-06 15:31:33,480 INFO o.a.j.e.StandardJMeterEngine: Notifying test listeners of end of test
2023-02-06 15:31:33,480 INFO o.a.j.g.u.JMeterMenuBar: setRunning(false, *local*)
2023-02-06 15:32:44,990 ERROR o.a.j.g.a.Save: Failed to backup file: C:\Users\ahmeds.AFRICA\OneDrive - Microsoft\Desktop\HTTP Header Manager.jmx
java.nio.file.AccessDeniedException: C:\Users\ahmeds.AFRICA\OneDrive - Microsoft\Desktop\HTTP Header Manager.jmx -> C:\ProgramData\chocolatey\lib\jmeter\tools\apache-jmeter-5.5\backups\HTTP Header Manager-000001.jmx
	at sun.nio.fs.WindowsException.translateToIOException(Unknown Source) ~[?:1.8.0_351]
	at sun.nio.fs.WindowsException.rethrowAsIOException(Unknown Source) ~[?:1.8.0_351]
	at sun.nio.fs.WindowsFileCopy.copy(Unknown Source) ~[?:1.8.0_351]
	at sun.nio.fs.WindowsFileSystemProvider.copy(Unknown Source) ~[?:1.8.0_351]
	at java.nio.file.Files.copy(Unknown Source) ~[?:1.8.0_351]
	at org.apache.commons.io.FileUtils.copyFile(FileUtils.java:850) ~[commons-io-2.11.0.jar:2.11.0]
	at org.apache.commons.io.FileUtils.copyFile(FileUtils.java:756) ~[commons-io-2.11.0.jar:2.11.0]
	at org.apache.jmeter.gui.action.Save.createBackupFile(Save.java:381) ~[ApacheJMeter_core.jar:5.5]
	at org.apache.jmeter.gui.action.Save.backupAndSave(Save.java:244) ~[ApacheJMeter_core.jar:5.5]
	at org.apache.jmeter.gui.action.Save.doAction(Save.java:173) ~[ApacheJMeter_core.jar:5.5]
	at org.apache.jmeter.gui.action.ActionRouter.performAction(ActionRouter.java:87) ~[ApacheJMeter_core.jar:5.5]
	at org.apache.jmeter.gui.action.ActionRouter.doActionNow(ActionRouter.java:124) ~[ApacheJMeter_core.jar:5.5]
	at org.apache.jmeter.gui.action.AbstractAction.popupShouldSave(AbstractAction.java:79) ~[ApacheJMeter_core.jar:5.5]
	at org.apache.jmeter.gui.action.Start.doAction(Start.java:111) ~[ApacheJMeter_core.jar:5.5]
	at org.apache.jmeter.gui.action.ActionRouter.performAction(ActionRouter.java:87) ~[ApacheJMeter_core.jar:5.5]
	at org.apache.jmeter.gui.action.ActionRouter.lambda$actionPerformed$0(ActionRouter.java:69) ~[ApacheJMeter_core.jar:5.5]
	at java.awt.event.InvocationEvent.dispatch(Unknown Source) ~[?:1.8.0_351]
	at java.awt.EventQueue.dispatchEventImpl(Unknown Source) ~[?:1.8.0_351]
	at java.awt.EventQueue.access$500(Unknown Source) ~[?:1.8.0_351]
	at java.awt.EventQueue$3.run(Unknown Source) ~[?:1.8.0_351]
	at java.awt.EventQueue$3.run(Unknown Source) ~[?:1.8.0_351]
	at java.security.AccessController.doPrivileged(Native Method) ~[?:1.8.0_351]
	at java.security.ProtectionDomain$JavaSecurityAccessImpl.doIntersectionPrivilege(Unknown Source) ~[?:1.8.0_351]
	at java.awt.EventQueue.dispatchEvent(Unknown Source) ~[?:1.8.0_351]
	at java.awt.EventDispatchThread.pumpOneEventForFilters(Unknown Source) ~[?:1.8.0_351]
	at java.awt.EventDispatchThread.pumpEventsForFilter(Unknown Source) ~[?:1.8.0_351]
	at java.awt.EventDispatchThread.pumpEventsForHierarchy(Unknown Source) ~[?:1.8.0_351]
	at java.awt.EventDispatchThread.pumpEvents(Unknown Source) ~[?:1.8.0_351]
	at java.awt.EventDispatchThread.pumpEvents(Unknown Source) ~[?:1.8.0_351]
	at java.awt.EventDispatchThread.run(Unknown Source) ~[?:1.8.0_351]
2023-02-06 15:32:44,993 INFO o.a.j.e.StandardJMeterEngine: Running the test!
2023-02-06 15:32:44,993 INFO o.a.j.s.SampleEvent: List of sample_variables: []
2023-02-06 15:32:44,994 INFO o.a.j.g.u.JMeterMenuBar: setRunning(true, *local*)
2023-02-06 15:32:45,069 INFO o.a.j.e.StandardJMeterEngine: Starting ThreadGroup: 1 : Thread Group
2023-02-06 15:32:45,069 INFO o.a.j.e.StandardJMeterEngine: Starting 1 threads for group Thread Group.
2023-02-06 15:32:45,069 INFO o.a.j.e.StandardJMeterEngine: Thread will continue on error
2023-02-06 15:32:45,069 INFO o.a.j.t.ThreadGroup: Starting thread group... number=1 threads=1 ramp-up=1 delayedStart=false
2023-02-06 15:32:45,069 INFO o.a.j.t.ThreadGroup: Started thread group number 1
2023-02-06 15:32:45,069 INFO o.a.j.e.StandardJMeterEngine: All thread groups have been started
2023-02-06 15:32:45,069 INFO o.a.j.t.JMeterThread: Thread started: Thread Group 1-1
2023-02-06 15:32:46,420 INFO o.a.j.t.JMeterThread: Thread is done: Thread Group 1-1
2023-02-06 15:32:46,420 INFO o.a.j.t.JMeterThread: Thread finished: Thread Group 1-1
2023-02-06 15:32:46,420 INFO o.a.j.e.StandardJMeterEngine: Notifying test listeners of end of test
2023-02-06 15:32:46,420 INFO o.a.j.g.u.JMeterMenuBar: setRunning(false, *local*)
2023-02-06 15:36:42,620 ERROR o.a.j.g.a.Save: Failed to backup file: C:\Users\ahmeds.AFRICA\OneDrive - Microsoft\Desktop\HTTP Header Manager.jmx
java.nio.file.AccessDeniedException: C:\Users\ahmeds.AFRICA\OneDrive - Microsoft\Desktop\HTTP Header Manager.jmx -> C:\ProgramData\chocolatey\lib\jmeter\tools\apache-jmeter-5.5\backups\HTTP Header Manager-000001.jmx
	at sun.nio.fs.WindowsException.translateToIOException(Unknown Source) ~[?:1.8.0_351]
	at sun.nio.fs.WindowsException.rethrowAsIOException(Unknown Source) ~[?:1.8.0_351]
	at sun.nio.fs.WindowsFileCopy.copy(Unknown Source) ~[?:1.8.0_351]
	at sun.nio.fs.WindowsFileSystemProvider.copy(Unknown Source) ~[?:1.8.0_351]
	at java.nio.file.Files.copy(Unknown Source) ~[?:1.8.0_351]
	at org.apache.commons.io.FileUtils.copyFile(FileUtils.java:850) ~[commons-io-2.11.0.jar:2.11.0]
	at org.apache.commons.io.FileUtils.copyFile(FileUtils.java:756) ~[commons-io-2.11.0.jar:2.11.0]
	at org.apache.jmeter.gui.action.Save.createBackupFile(Save.java:381) ~[ApacheJMeter_core.jar:5.5]
	at org.apache.jmeter.gui.action.Save.backupAndSave(Save.java:244) ~[ApacheJMeter_core.jar:5.5]
	at org.apache.jmeter.gui.action.Save.doAction(Save.java:173) ~[ApacheJMeter_core.jar:5.5]
	at org.apache.jmeter.gui.action.ActionRouter.performAction(ActionRouter.java:87) ~[ApacheJMeter_core.jar:5.5]
	at org.apache.jmeter.gui.action.ActionRouter.doActionNow(ActionRouter.java:124) ~[ApacheJMeter_core.jar:5.5]
	at org.apache.jmeter.gui.action.AbstractAction.popupShouldSave(AbstractAction.java:79) ~[ApacheJMeter_core.jar:5.5]
	at org.apache.jmeter.gui.action.Start.doAction(Start.java:111) ~[ApacheJMeter_core.jar:5.5]
	at org.apache.jmeter.gui.action.ActionRouter.performAction(ActionRouter.java:87) ~[ApacheJMeter_core.jar:5.5]
	at org.apache.jmeter.gui.action.ActionRouter.lambda$actionPerformed$0(ActionRouter.java:69) ~[ApacheJMeter_core.jar:5.5]
	at java.awt.event.InvocationEvent.dispatch(Unknown Source) ~[?:1.8.0_351]
	at java.awt.EventQueue.dispatchEventImpl(Unknown Source) ~[?:1.8.0_351]
	at java.awt.EventQueue.access$500(Unknown Source) ~[?:1.8.0_351]
	at java.awt.EventQueue$3.run(Unknown Source) ~[?:1.8.0_351]
	at java.awt.EventQueue$3.run(Unknown Source) ~[?:1.8.0_351]
	at java.security.AccessController.doPrivileged(Native Method) ~[?:1.8.0_351]
	at java.security.ProtectionDomain$JavaSecurityAccessImpl.doIntersectionPrivilege(Unknown Source) ~[?:1.8.0_351]
	at java.awt.EventQueue.dispatchEvent(Unknown Source) ~[?:1.8.0_351]
	at java.awt.EventDispatchThread.pumpOneEventForFilters(Unknown Source) ~[?:1.8.0_351]
	at java.awt.EventDispatchThread.pumpEventsForFilter(Unknown Source) ~[?:1.8.0_351]
	at java.awt.EventDispatchThread.pumpEventsForHierarchy(Unknown Source) ~[?:1.8.0_351]
	at java.awt.EventDispatchThread.pumpEvents(Unknown Source) ~[?:1.8.0_351]
	at java.awt.EventDispatchThread.pumpEvents(Unknown Source) ~[?:1.8.0_351]
	at java.awt.EventDispatchThread.run(Unknown Source) ~[?:1.8.0_351]
2023-02-06 15:36:42,625 INFO o.a.j.e.StandardJMeterEngine: Running the test!
2023-02-06 15:36:42,625 INFO o.a.j.s.SampleEvent: List of sample_variables: []
2023-02-06 15:36:42,626 INFO o.a.j.g.u.JMeterMenuBar: setRunning(true, *local*)
2023-02-06 15:36:42,699 INFO o.a.j.e.StandardJMeterEngine: Starting ThreadGroup: 1 : Thread Group
2023-02-06 15:36:42,699 INFO o.a.j.e.StandardJMeterEngine: Starting 1 threads for group Thread Group.
2023-02-06 15:36:42,699 INFO o.a.j.e.StandardJMeterEngine: Thread will continue on error
2023-02-06 15:36:42,700 INFO o.a.j.t.ThreadGroup: Starting thread group... number=1 threads=1 ramp-up=1 delayedStart=false
2023-02-06 15:36:42,701 INFO o.a.j.t.ThreadGroup: Started thread group number 1
2023-02-06 15:36:42,701 INFO o.a.j.e.StandardJMeterEngine: All thread groups have been started
2023-02-06 15:36:42,701 INFO o.a.j.t.JMeterThread: Thread started: Thread Group 1-1
2023-02-06 15:36:44,017 INFO o.a.j.t.JMeterThread: Thread is done: Thread Group 1-1
2023-02-06 15:36:44,017 INFO o.a.j.t.JMeterThread: Thread finished: Thread Group 1-1
2023-02-06 15:36:44,017 INFO o.a.j.e.StandardJMeterEngine: Notifying test listeners of end of test
2023-02-06 15:36:44,017 INFO o.a.j.g.u.JMeterMenuBar: setRunning(false, *local*)
2023-02-06 15:36:58,226 ERROR o.a.j.g.a.Save: Failed to backup file: C:\Users\ahmeds.AFRICA\OneDrive - Microsoft\Desktop\HTTP Header Manager.jmx
java.nio.file.AccessDeniedException: C:\Users\ahmeds.AFRICA\OneDrive - Microsoft\Desktop\HTTP Header Manager.jmx -> C:\ProgramData\chocolatey\lib\jmeter\tools\apache-jmeter-5.5\backups\HTTP Header Manager-000001.jmx
	at sun.nio.fs.WindowsException.translateToIOException(Unknown Source) ~[?:1.8.0_351]
	at sun.nio.fs.WindowsException.rethrowAsIOException(Unknown Source) ~[?:1.8.0_351]
	at sun.nio.fs.WindowsFileCopy.copy(Unknown Source) ~[?:1.8.0_351]
	at sun.nio.fs.WindowsFileSystemProvider.copy(Unknown Source) ~[?:1.8.0_351]
	at java.nio.file.Files.copy(Unknown Source) ~[?:1.8.0_351]
	at org.apache.commons.io.FileUtils.copyFile(FileUtils.java:850) ~[commons-io-2.11.0.jar:2.11.0]
	at org.apache.commons.io.FileUtils.copyFile(FileUtils.java:756) ~[commons-io-2.11.0.jar:2.11.0]
	at org.apache.jmeter.gui.action.Save.createBackupFile(Save.java:381) ~[ApacheJMeter_core.jar:5.5]
	at org.apache.jmeter.gui.action.Save.backupAndSave(Save.java:244) ~[ApacheJMeter_core.jar:5.5]
	at org.apache.jmeter.gui.action.Save.doAction(Save.java:173) ~[ApacheJMeter_core.jar:5.5]
	at org.apache.jmeter.gui.action.ActionRouter.performAction(ActionRouter.java:87) ~[ApacheJMeter_core.jar:5.5]
	at org.apache.jmeter.gui.action.ActionRouter.doActionNow(ActionRouter.java:124) ~[ApacheJMeter_core.jar:5.5]
	at org.apache.jmeter.gui.action.AbstractAction.popupShouldSave(AbstractAction.java:79) ~[ApacheJMeter_core.jar:5.5]
	at org.apache.jmeter.gui.action.Start.doAction(Start.java:111) ~[ApacheJMeter_core.jar:5.5]
	at org.apache.jmeter.gui.action.ActionRouter.performAction(ActionRouter.java:87) ~[ApacheJMeter_core.jar:5.5]
	at org.apache.jmeter.gui.action.ActionRouter.lambda$actionPerformed$0(ActionRouter.java:69) ~[ApacheJMeter_core.jar:5.5]
	at java.awt.event.InvocationEvent.dispatch(Unknown Source) ~[?:1.8.0_351]
	at java.awt.EventQueue.dispatchEventImpl(Unknown Source) ~[?:1.8.0_351]
	at java.awt.EventQueue.access$500(Unknown Source) ~[?:1.8.0_351]
	at java.awt.EventQueue$3.run(Unknown Source) ~[?:1.8.0_351]
	at java.awt.EventQueue$3.run(Unknown Source) ~[?:1.8.0_351]
	at java.security.AccessController.doPrivileged(Native Method) ~[?:1.8.0_351]
	at java.security.ProtectionDomain$JavaSecurityAccessImpl.doIntersectionPrivilege(Unknown Source) ~[?:1.8.0_351]
	at java.awt.EventQueue.dispatchEvent(Unknown Source) ~[?:1.8.0_351]
	at java.awt.EventDispatchThread.pumpOneEventForFilters(Unknown Source) ~[?:1.8.0_351]
	at java.awt.EventDispatchThread.pumpEventsForFilter(Unknown Source) ~[?:1.8.0_351]
	at java.awt.EventDispatchThread.pumpEventsForHierarchy(Unknown Source) ~[?:1.8.0_351]
	at java.awt.EventDispatchThread.pumpEvents(Unknown Source) ~[?:1.8.0_351]
	at java.awt.EventDispatchThread.pumpEvents(Unknown Source) ~[?:1.8.0_351]
	at java.awt.EventDispatchThread.run(Unknown Source) ~[?:1.8.0_351]
2023-02-06 15:36:58,230 INFO o.a.j.e.StandardJMeterEngine: Running the test!
2023-02-06 15:36:58,230 INFO o.a.j.s.SampleEvent: List of sample_variables: []
2023-02-06 15:36:58,231 INFO o.a.j.g.u.JMeterMenuBar: setRunning(true, *local*)
2023-02-06 15:36:58,291 INFO o.a.j.e.StandardJMeterEngine: Starting ThreadGroup: 1 : Thread Group
2023-02-06 15:36:58,291 INFO o.a.j.e.StandardJMeterEngine: Starting 1 threads for group Thread Group.
2023-02-06 15:36:58,291 INFO o.a.j.e.StandardJMeterEngine: Thread will continue on error
2023-02-06 15:36:58,291 INFO o.a.j.t.ThreadGroup: Starting thread group... number=1 threads=1 ramp-up=1 delayedStart=false
2023-02-06 15:36:58,291 INFO o.a.j.t.ThreadGroup: Started thread group number 1
2023-02-06 15:36:58,291 INFO o.a.j.e.StandardJMeterEngine: All thread groups have been started
2023-02-06 15:36:58,291 INFO o.a.j.t.JMeterThread: Thread started: Thread Group 1-1
2023-02-06 15:36:59,534 INFO o.a.j.t.JMeterThread: Thread is done: Thread Group 1-1
2023-02-06 15:36:59,534 INFO o.a.j.t.JMeterThread: Thread finished: Thread Group 1-1
2023-02-06 15:36:59,534 INFO o.a.j.e.StandardJMeterEngine: Notifying test listeners of end of test
2023-02-06 15:36:59,534 INFO o.a.j.g.u.JMeterMenuBar: setRunning(false, *local*)
2023-02-06 15:52:25,214 ERROR o.a.j.g.a.Save: Failed to backup file: C:\Users\ahmeds.AFRICA\OneDrive - Microsoft\Desktop\HTTP Header Manager.jmx
java.nio.file.AccessDeniedException: C:\Users\ahmeds.AFRICA\OneDrive - Microsoft\Desktop\HTTP Header Manager.jmx -> C:\ProgramData\chocolatey\lib\jmeter\tools\apache-jmeter-5.5\backups\HTTP Header Manager-000001.jmx
	at sun.nio.fs.WindowsException.translateToIOException(Unknown Source) ~[?:1.8.0_351]
	at sun.nio.fs.WindowsException.rethrowAsIOException(Unknown Source) ~[?:1.8.0_351]
	at sun.nio.fs.WindowsFileCopy.copy(Unknown Source) ~[?:1.8.0_351]
	at sun.nio.fs.WindowsFileSystemProvider.copy(Unknown Source) ~[?:1.8.0_351]
	at java.nio.file.Files.copy(Unknown Source) ~[?:1.8.0_351]
	at org.apache.commons.io.FileUtils.copyFile(FileUtils.java:850) ~[commons-io-2.11.0.jar:2.11.0]
	at org.apache.commons.io.FileUtils.copyFile(FileUtils.java:756) ~[commons-io-2.11.0.jar:2.11.0]
	at org.apache.jmeter.gui.action.Save.createBackupFile(Save.java:381) ~[ApacheJMeter_core.jar:5.5]
	at org.apache.jmeter.gui.action.Save.backupAndSave(Save.java:244) ~[ApacheJMeter_core.jar:5.5]
	at org.apache.jmeter.gui.action.Save.doAction(Save.java:173) ~[ApacheJMeter_core.jar:5.5]
	at org.apache.jmeter.gui.action.ActionRouter.performAction(ActionRouter.java:87) ~[ApacheJMeter_core.jar:5.5]
	at org.apache.jmeter.gui.action.ActionRouter.doActionNow(ActionRouter.java:124) ~[ApacheJMeter_core.jar:5.5]
	at org.apache.jmeter.gui.action.AbstractAction.popupShouldSave(AbstractAction.java:79) ~[ApacheJMeter_core.jar:5.5]
	at org.apache.jmeter.gui.action.Start.doAction(Start.java:111) ~[ApacheJMeter_core.jar:5.5]
	at org.apache.jmeter.gui.action.ActionRouter.performAction(ActionRouter.java:87) ~[ApacheJMeter_core.jar:5.5]
	at org.apache.jmeter.gui.action.ActionRouter.lambda$actionPerformed$0(ActionRouter.java:69) ~[ApacheJMeter_core.jar:5.5]
	at java.awt.event.InvocationEvent.dispatch(Unknown Source) ~[?:1.8.0_351]
	at java.awt.EventQueue.dispatchEventImpl(Unknown Source) ~[?:1.8.0_351]
	at java.awt.EventQueue.access$500(Unknown Source) ~[?:1.8.0_351]
	at java.awt.EventQueue$3.run(Unknown Source) ~[?:1.8.0_351]
	at java.awt.EventQueue$3.run(Unknown Source) ~[?:1.8.0_351]
	at java.security.AccessController.doPrivileged(Native Method) ~[?:1.8.0_351]
	at java.security.ProtectionDomain$JavaSecurityAccessImpl.doIntersectionPrivilege(Unknown Source) ~[?:1.8.0_351]
	at java.awt.EventQueue.dispatchEvent(Unknown Source) ~[?:1.8.0_351]
	at java.awt.EventDispatchThread.pumpOneEventForFilters(Unknown Source) ~[?:1.8.0_351]
	at java.awt.EventDispatchThread.pumpEventsForFilter(Unknown Source) ~[?:1.8.0_351]
	at java.awt.EventDispatchThread.pumpEventsForHierarchy(Unknown Source) ~[?:1.8.0_351]
	at java.awt.EventDispatchThread.pumpEvents(Unknown Source) ~[?:1.8.0_351]
	at java.awt.EventDispatchThread.pumpEvents(Unknown Source) ~[?:1.8.0_351]
	at java.awt.EventDispatchThread.run(Unknown Source) ~[?:1.8.0_351]
2023-02-06 15:52:25,218 INFO o.a.j.e.StandardJMeterEngine: Running the test!
2023-02-06 15:52:25,218 INFO o.a.j.s.SampleEvent: List of sample_variables: []
2023-02-06 15:52:25,218 INFO o.a.j.g.u.JMeterMenuBar: setRunning(true, *local*)
2023-02-06 15:52:25,223 INFO o.a.j.e.StandardJMeterEngine: Starting ThreadGroup: 1 : Thread Group
2023-02-06 15:52:25,224 INFO o.a.j.e.StandardJMeterEngine: Starting 1 threads for group Thread Group.
2023-02-06 15:52:25,224 INFO o.a.j.e.StandardJMeterEngine: Thread will continue on error
2023-02-06 15:52:25,225 INFO o.a.j.t.ThreadGroup: Starting thread group... number=1 threads=1 ramp-up=1 delayedStart=false
2023-02-06 15:52:25,226 INFO o.a.j.t.ThreadGroup: Started thread group number 1
2023-02-06 15:52:25,226 INFO o.a.j.e.StandardJMeterEngine: All thread groups have been started
2023-02-06 15:52:25,227 INFO o.a.j.t.JMeterThread: Thread started: Thread Group 1-1
2023-02-06 15:52:26,605 INFO o.a.j.t.JMeterThread: Thread is done: Thread Group 1-1
2023-02-06 15:52:26,605 INFO o.a.j.t.JMeterThread: Thread finished: Thread Group 1-1
2023-02-06 15:52:26,606 INFO o.a.j.e.StandardJMeterEngine: Notifying test listeners of end of test
2023-02-06 15:52:26,606 INFO o.a.j.g.u.JMeterMenuBar: setRunning(false, *local*)
